[11-Jan-2020 19:08:06 UTC] PHP Notice:  Trying to get property 'slug' of non-object in /Users/ashams001/Sites/iqhired_projects/saargummi/wp-content/plugins/learnpress/inc/admin/helpers/class-lp-plugins-helper.php on line 350
[11-Jan-2020 19:08:06 UTC] PHP Notice:  Trying to get property 'slug' of non-object in /Users/ashams001/Sites/iqhired_projects/saargummi/wp-content/plugins/learnpress/inc/admin/helpers/class-lp-plugins-helper.php on line 350
[11-Jan-2020 19:08:06 UTC] PHP Notice:  Trying to get property 'slug' of non-object in /Users/ashams001/Sites/iqhired_projects/saargummi/wp-content/plugins/learnpress/inc/admin/helpers/class-lp-plugins-helper.php on line 350
[11-Jan-2020 19:08:06 UTC] PHP Notice:  Trying to get property 'slug' of non-object in /Users/ashams001/Sites/iqhired_projects/saargummi/wp-content/plugins/learnpress/inc/admin/helpers/class-lp-plugins-helper.php on line 350
[11-Jan-2020 19:08:06 UTC] PHP Notice:  Trying to get property 'slug' of non-object in /Users/ashams001/Sites/iqhired_projects/saargummi/wp-content/plugins/learnpress/inc/admin/helpers/class-lp-plugins-helper.php on line 350
[11-Jan-2020 19:08:06 UTC] PHP Notice:  Trying to get property 'slug' of non-object in /Users/ashams001/Sites/iqhired_projects/saargummi/wp-content/plugins/learnpress/inc/admin/helpers/class-lp-plugins-helper.php on line 350
[11-Jan-2020 19:08:06 UTC] PHP Notice:  Trying to get property 'slug' of non-object in /Users/ashams001/Sites/iqhired_projects/saargummi/wp-content/plugins/learnpress/inc/admin/helpers/class-lp-plugins-helper.php on line 350
[11-Jan-2020 19:08:06 UTC] PHP Notice:  Trying to get property 'slug' of non-object in /Users/ashams001/Sites/iqhired_projects/saargummi/wp-content/plugins/learnpress/inc/admin/helpers/class-lp-plugins-helper.php on line 350
[11-Jan-2020 19:08:06 UTC] PHP Notice:  Trying to get property 'slug' of non-object in /Users/ashams001/Sites/iqhired_projects/saargummi/wp-content/plugins/learnpress/inc/admin/helpers/class-lp-plugins-helper.php on line 350
[11-Jan-2020 19:08:06 UTC] PHP Notice:  Trying to get property 'slug' of non-object in /Users/ashams001/Sites/iqhired_projects/saargummi/wp-content/plugins/learnpress/inc/admin/helpers/class-lp-plugins-helper.php on line 350
[11-Jan-2020 19:08:06 UTC] PHP Notice:  Trying to get property 'slug' of non-object in /Users/ashams001/Sites/iqhired_projects/saargummi/wp-content/plugins/learnpress/inc/admin/helpers/class-lp-plugins-helper.php on line 350
[11-Jan-2020 19:08:06 UTC] PHP Notice:  Trying to get property 'slug' of non-object in /Users/ashams001/Sites/iqhired_projects/saargummi/wp-content/plugins/learnpress/inc/admin/helpers/class-lp-plugins-helper.php on line 350
[11-Jan-2020 19:08:06 UTC] PHP Notice:  Trying to get property 'slug' of non-object in /Users/ashams001/Sites/iqhired_projects/saargummi/wp-content/plugins/learnpress/inc/admin/helpers/class-lp-plugins-helper.php on line 350
[11-Jan-2020 19:08:06 UTC] PHP Notice:  Trying to get property 'slug' of non-object in /Users/ashams001/Sites/iqhired_projects/saargummi/wp-content/plugins/learnpress/inc/admin/helpers/class-lp-plugins-helper.php on line 350
[11-Jan-2020 19:08:06 UTC] PHP Notice:  Trying to get property 'slug' of non-object in /Users/ashams001/Sites/iqhired_projects/saargummi/wp-content/plugins/learnpress/inc/admin/helpers/class-lp-plugins-helper.php on line 350
[11-Jan-2020 19:08:06 UTC] PHP Notice:  Trying to get property 'slug' of non-object in /Users/ashams001/Sites/iqhired_projects/saargummi/wp-content/plugins/learnpress/inc/admin/helpers/class-lp-plugins-helper.php on line 350
[11-Jan-2020 19:08:06 UTC] PHP Notice:  Trying to get property 'slug' of non-object in /Users/ashams001/Sites/iqhired_projects/saargummi/wp-content/plugins/learnpress/inc/admin/helpers/class-lp-plugins-helper.php on line 350
[11-Jan-2020 19:08:06 UTC] PHP Notice:  Trying to get property 'slug' of non-object in /Users/ashams001/Sites/iqhired_projects/saargummi/wp-content/plugins/learnpress/inc/admin/helpers/class-lp-plugins-helper.php on line 350
[11-Jan-2020 19:08:06 UTC] PHP Notice:  Trying to get property 'slug' of non-object in /Users/ashams001/Sites/iqhired_projects/saargummi/wp-content/plugins/learnpress/inc/admin/helpers/class-lp-plugins-helper.php on line 350
[11-Jan-2020 19:08:06 UTC] PHP Notice:  Trying to get property 'slug' of non-object in /Users/ashams001/Sites/iqhired_projects/saargummi/wp-content/plugins/learnpress/inc/admin/helpers/class-lp-plugins-helper.php on line 350
[14-Jan-2020 09:58:34 UTC] PHP Notice:  Trying to get property 'slug' of non-object in /Users/ashams001/Sites/iqhired_projects/saargummi/wp-content/plugins/learnpress/inc/admin/helpers/class-lp-plugins-helper.php on line 350
[14-Jan-2020 09:58:34 UTC] PHP Notice:  Trying to get property 'slug' of non-object in /Users/ashams001/Sites/iqhired_projects/saargummi/wp-content/plugins/learnpress/inc/admin/helpers/class-lp-plugins-helper.php on line 350
[14-Jan-2020 09:58:34 UTC] PHP Notice:  Trying to get property 'slug' of non-object in /Users/ashams001/Sites/iqhired_projects/saargummi/wp-content/plugins/learnpress/inc/admin/helpers/class-lp-plugins-helper.php on line 350
[14-Jan-2020 09:58:34 UTC] PHP Notice:  Trying to get property 'slug' of non-object in /Users/ashams001/Sites/iqhired_projects/saargummi/wp-content/plugins/learnpress/inc/admin/helpers/class-lp-plugins-helper.php on line 350
[14-Jan-2020 09:58:34 UTC] PHP Notice:  Trying to get property 'slug' of non-object in /Users/ashams001/Sites/iqhired_projects/saargummi/wp-content/plugins/learnpress/inc/admin/helpers/class-lp-plugins-helper.php on line 350
[14-Jan-2020 09:58:34 UTC] PHP Notice:  Trying to get property 'slug' of non-object in /Users/ashams001/Sites/iqhired_projects/saargummi/wp-content/plugins/learnpress/inc/admin/helpers/class-lp-plugins-helper.php on line 350
[14-Jan-2020 09:58:34 UTC] PHP Notice:  Trying to get property 'slug' of non-object in /Users/ashams001/Sites/iqhired_projects/saargummi/wp-content/plugins/learnpress/inc/admin/helpers/class-lp-plugins-helper.php on line 350
[14-Jan-2020 09:58:34 UTC] PHP Notice:  Trying to get property 'slug' of non-object in /Users/ashams001/Sites/iqhired_projects/saargummi/wp-content/plugins/learnpress/inc/admin/helpers/class-lp-plugins-helper.php on line 350
[14-Jan-2020 09:58:34 UTC] PHP Notice:  Trying to get property 'slug' of non-object in /Users/ashams001/Sites/iqhired_projects/saargummi/wp-content/plugins/learnpress/inc/admin/helpers/class-lp-plugins-helper.php on line 350
[14-Jan-2020 09:58:34 UTC] PHP Notice:  Trying to get property 'slug' of non-object in /Users/ashams001/Sites/iqhired_projects/saargummi/wp-content/plugins/learnpress/inc/admin/helpers/class-lp-plugins-helper.php on line 350
[14-Jan-2020 09:58:34 UTC] PHP Notice:  Trying to get property 'slug' of non-object in /Users/ashams001/Sites/iqhired_projects/saargummi/wp-content/plugins/learnpress/inc/admin/helpers/class-lp-plugins-helper.php on line 350
[14-Jan-2020 09:58:34 UTC] PHP Notice:  Trying to get property 'slug' of non-object in /Users/ashams001/Sites/iqhired_projects/saargummi/wp-content/plugins/learnpress/inc/admin/helpers/class-lp-plugins-helper.php on line 350
[14-Jan-2020 09:58:34 UTC] PHP Notice:  Trying to get property 'slug' of non-object in /Users/ashams001/Sites/iqhired_projects/saargummi/wp-content/plugins/learnpress/inc/admin/helpers/class-lp-plugins-helper.php on line 350
[14-Jan-2020 09:58:34 UTC] PHP Notice:  Trying to get property 'slug' of non-object in /Users/ashams001/Sites/iqhired_projects/saargummi/wp-content/plugins/learnpress/inc/admin/helpers/class-lp-plugins-helper.php on line 350
[14-Jan-2020 09:58:34 UTC] PHP Notice:  Trying to get property 'slug' of non-object in /Users/ashams001/Sites/iqhired_projects/saargummi/wp-content/plugins/learnpress/inc/admin/helpers/class-lp-plugins-helper.php on line 350
[14-Jan-2020 09:58:34 UTC] PHP Notice:  Trying to get property 'slug' of non-object in /Users/ashams001/Sites/iqhired_projects/saargummi/wp-content/plugins/learnpress/inc/admin/helpers/class-lp-plugins-helper.php on line 350
[14-Jan-2020 09:58:34 UTC] PHP Notice:  Trying to get property 'slug' of non-object in /Users/ashams001/Sites/iqhired_projects/saargummi/wp-content/plugins/learnpress/inc/admin/helpers/class-lp-plugins-helper.php on line 350
[14-Jan-2020 09:58:34 UTC] PHP Notice:  Trying to get property 'slug' of non-object in /Users/ashams001/Sites/iqhired_projects/saargummi/wp-content/plugins/learnpress/inc/admin/helpers/class-lp-plugins-helper.php on line 350
[14-Jan-2020 09:58:34 UTC] PHP Notice:  Trying to get property 'slug' of non-object in /Users/ashams001/Sites/iqhired_projects/saargummi/wp-content/plugins/learnpress/inc/admin/helpers/class-lp-plugins-helper.php on line 350
[14-Jan-2020 09:58:34 UTC] PHP Notice:  Trying to get property 'slug' of non-object in /Users/ashams001/Sites/iqhired_projects/saargummi/wp-content/plugins/learnpress/inc/admin/helpers/class-lp-plugins-helper.php on line 350
[14-Jan-2020 09:58:44 UTC] cURL error 28: Operation timed out after 5000 milliseconds with 60475 bytes received
[17-Jan-2020 09:03:37 UTC] PHP Notice:  Trying to get property 'slug' of non-object in /Users/ashams001/Sites/iqhired_projects/saargummi/wp-content/plugins/learnpress/inc/admin/helpers/class-lp-plugins-helper.php on line 350
[17-Jan-2020 09:03:37 UTC] PHP Notice:  Trying to get property 'slug' of non-object in /Users/ashams001/Sites/iqhired_projects/saargummi/wp-content/plugins/learnpress/inc/admin/helpers/class-lp-plugins-helper.php on line 350
[17-Jan-2020 09:03:37 UTC] PHP Notice:  Trying to get property 'slug' of non-object in /Users/ashams001/Sites/iqhired_projects/saargummi/wp-content/plugins/learnpress/inc/admin/helpers/class-lp-plugins-helper.php on line 350
[17-Jan-2020 09:03:37 UTC] PHP Notice:  Trying to get property 'slug' of non-object in /Users/ashams001/Sites/iqhired_projects/saargummi/wp-content/plugins/learnpress/inc/admin/helpers/class-lp-plugins-helper.php on line 350
[17-Jan-2020 09:03:37 UTC] PHP Notice:  Trying to get property 'slug' of non-object in /Users/ashams001/Sites/iqhired_projects/saargummi/wp-content/plugins/learnpress/inc/admin/helpers/class-lp-plugins-helper.php on line 350
[17-Jan-2020 09:03:37 UTC] PHP Notice:  Trying to get property 'slug' of non-object in /Users/ashams001/Sites/iqhired_projects/saargummi/wp-content/plugins/learnpress/inc/admin/helpers/class-lp-plugins-helper.php on line 350
[17-Jan-2020 09:03:37 UTC] PHP Notice:  Trying to get property 'slug' of non-object in /Users/ashams001/Sites/iqhired_projects/saargummi/wp-content/plugins/learnpress/inc/admin/helpers/class-lp-plugins-helper.php on line 350
[17-Jan-2020 09:03:37 UTC] PHP Notice:  Trying to get property 'slug' of non-object in /Users/ashams001/Sites/iqhired_projects/saargummi/wp-content/plugins/learnpress/inc/admin/helpers/class-lp-plugins-helper.php on line 350
[17-Jan-2020 09:03:37 UTC] PHP Notice:  Trying to get property 'slug' of non-object in /Users/ashams001/Sites/iqhired_projects/saargummi/wp-content/plugins/learnpress/inc/admin/helpers/class-lp-plugins-helper.php on line 350
[17-Jan-2020 09:03:37 UTC] PHP Notice:  Trying to get property 'slug' of non-object in /Users/ashams001/Sites/iqhired_projects/saargummi/wp-content/plugins/learnpress/inc/admin/helpers/class-lp-plugins-helper.php on line 350
[17-Jan-2020 09:03:37 UTC] PHP Notice:  Trying to get property 'slug' of non-object in /Users/ashams001/Sites/iqhired_projects/saargummi/wp-content/plugins/learnpress/inc/admin/helpers/class-lp-plugins-helper.php on line 350
[17-Jan-2020 09:03:37 UTC] PHP Notice:  Trying to get property 'slug' of non-object in /Users/ashams001/Sites/iqhired_projects/saargummi/wp-content/plugins/learnpress/inc/admin/helpers/class-lp-plugins-helper.php on line 350
[17-Jan-2020 09:03:37 UTC] PHP Notice:  Trying to get property 'slug' of non-object in /Users/ashams001/Sites/iqhired_projects/saargummi/wp-content/plugins/learnpress/inc/admin/helpers/class-lp-plugins-helper.php on line 350
[17-Jan-2020 09:03:37 UTC] PHP Notice:  Trying to get property 'slug' of non-object in /Users/ashams001/Sites/iqhired_projects/saargummi/wp-content/plugins/learnpress/inc/admin/helpers/class-lp-plugins-helper.php on line 350
[17-Jan-2020 09:03:37 UTC] PHP Notice:  Trying to get property 'slug' of non-object in /Users/ashams001/Sites/iqhired_projects/saargummi/wp-content/plugins/learnpress/inc/admin/helpers/class-lp-plugins-helper.php on line 350
[17-Jan-2020 09:03:37 UTC] PHP Notice:  Trying to get property 'slug' of non-object in /Users/ashams001/Sites/iqhired_projects/saargummi/wp-content/plugins/learnpress/inc/admin/helpers/class-lp-plugins-helper.php on line 350
[17-Jan-2020 09:03:37 UTC] PHP Notice:  Trying to get property 'slug' of non-object in /Users/ashams001/Sites/iqhired_projects/saargummi/wp-content/plugins/learnpress/inc/admin/helpers/class-lp-plugins-helper.php on line 350
[17-Jan-2020 09:03:37 UTC] PHP Notice:  Trying to get property 'slug' of non-object in /Users/ashams001/Sites/iqhired_projects/saargummi/wp-content/plugins/learnpress/inc/admin/helpers/class-lp-plugins-helper.php on line 350
[17-Jan-2020 09:03:37 UTC] PHP Notice:  Trying to get property 'slug' of non-object in /Users/ashams001/Sites/iqhired_projects/saargummi/wp-content/plugins/learnpress/inc/admin/helpers/class-lp-plugins-helper.php on line 350
[17-Jan-2020 09:03:37 UTC] PHP Notice:  Trying to get property 'slug' of non-object in /Users/ashams001/Sites/iqhired_projects/saargummi/wp-content/plugins/learnpress/inc/admin/helpers/class-lp-plugins-helper.php on line 350
[17-Jan-2020 09:09:47 UTC] PHP Warning:  Invalid argument supplied for foreach() in /Users/ashams001/Sites/iqhired_projects/saargummi/wp-content/plugins/alter/includes/acmee-framework/inc/aof.class.php on line 426
[17-Jan-2020 09:15:50 UTC] PHP Warning:  An unexpected error occurred. Something may be wrong with WordPress.org or this server&#8217;s configuration. If you continue to have problems, please try the <a href="https://wordpress.org/support/forums/">support forums</a>. (WordPress could not establish a secure connection to WordPress.org. Please contact your server administrator.) in /Users/ashams001/Sites/iqhired_projects/saargummi/wp-admin/includes/translation-install.php on line 67
[17-Jan-2020 09:24:43 UTC] PHP Warning:  An unexpected error occurred. Something may be wrong with WordPress.org or this server&#8217;s configuration. If you continue to have problems, please try the <a href="https://wordpress.org/support/forums/">support forums</a>. (WordPress could not establish a secure connection to WordPress.org. Please contact your server administrator.) in /Users/ashams001/Sites/iqhired_projects/saargummi/wp-includes/update.php on line 162
[17-Jan-2020 09:32:41 UTC] WordPress database error Server shutdown in progress for query SELECT option_value FROM wp_options WHERE option_name = 'uninstall_plugins' LIMIT 1 made by require_once('wp-load.php'), require_once('wp-config.php'), require_once('wp-settings.php'), include_once('/plugins/admin-css-mu/admincssmu.php'), register_uninstall_hook, get_option
[17-Jan-2020 09:32:41 UTC] PHP Warning:  Error while sending QUERY packet. PID=24342 in /Users/ashams001/Sites/iqhired_projects/saargummi/wp-includes/wp-db.php on line 2030
[17-Jan-2020 09:32:43 UTC] PHP Warning:  mysqli_real_connect(): (HY000/2002): No such file or directory in /Users/ashams001/Sites/iqhired_projects/saargummi/wp-includes/wp-db.php on line 1633
[17-Jan-2020 09:32:45 UTC] PHP Warning:  mysqli_real_connect(): (HY000/2002): No such file or directory in /Users/ashams001/Sites/iqhired_projects/saargummi/wp-includes/wp-db.php on line 1633
[18-Jan-2020 07:28:56 UTC] PHP Notice:  Trying to get property 'slug' of non-object in /Users/ashams001/Sites/iqhired_projects/qwantosLMS/wp-content/plugins/learnpress/inc/admin/helpers/class-lp-plugins-helper.php on line 350
[18-Jan-2020 07:28:56 UTC] PHP Notice:  Trying to get property 'slug' of non-object in /Users/ashams001/Sites/iqhired_projects/qwantosLMS/wp-content/plugins/learnpress/inc/admin/helpers/class-lp-plugins-helper.php on line 350
[18-Jan-2020 07:28:56 UTC] PHP Notice:  Trying to get property 'slug' of non-object in /Users/ashams001/Sites/iqhired_projects/qwantosLMS/wp-content/plugins/learnpress/inc/admin/helpers/class-lp-plugins-helper.php on line 350
[18-Jan-2020 07:28:56 UTC] PHP Notice:  Trying to get property 'slug' of non-object in /Users/ashams001/Sites/iqhired_projects/qwantosLMS/wp-content/plugins/learnpress/inc/admin/helpers/class-lp-plugins-helper.php on line 350
[18-Jan-2020 07:28:56 UTC] PHP Notice:  Trying to get property 'slug' of non-object in /Users/ashams001/Sites/iqhired_projects/qwantosLMS/wp-content/plugins/learnpress/inc/admin/helpers/class-lp-plugins-helper.php on line 350
[18-Jan-2020 07:28:56 UTC] PHP Notice:  Trying to get property 'slug' of non-object in /Users/ashams001/Sites/iqhired_projects/qwantosLMS/wp-content/plugins/learnpress/inc/admin/helpers/class-lp-plugins-helper.php on line 350
[18-Jan-2020 07:28:56 UTC] PHP Notice:  Trying to get property 'slug' of non-object in /Users/ashams001/Sites/iqhired_projects/qwantosLMS/wp-content/plugins/learnpress/inc/admin/helpers/class-lp-plugins-helper.php on line 350
[18-Jan-2020 07:28:56 UTC] PHP Notice:  Trying to get property 'slug' of non-object in /Users/ashams001/Sites/iqhired_projects/qwantosLMS/wp-content/plugins/learnpress/inc/admin/helpers/class-lp-plugins-helper.php on line 350
[18-Jan-2020 07:28:56 UTC] PHP Notice:  Trying to get property 'slug' of non-object in /Users/ashams001/Sites/iqhired_projects/qwantosLMS/wp-content/plugins/learnpress/inc/admin/helpers/class-lp-plugins-helper.php on line 350
[18-Jan-2020 07:28:56 UTC] PHP Notice:  Trying to get property 'slug' of non-object in /Users/ashams001/Sites/iqhired_projects/qwantosLMS/wp-content/plugins/learnpress/inc/admin/helpers/class-lp-plugins-helper.php on line 350
[18-Jan-2020 07:28:56 UTC] PHP Notice:  Trying to get property 'slug' of non-object in /Users/ashams001/Sites/iqhired_projects/qwantosLMS/wp-content/plugins/learnpress/inc/admin/helpers/class-lp-plugins-helper.php on line 350
[18-Jan-2020 07:28:56 UTC] PHP Notice:  Trying to get property 'slug' of non-object in /Users/ashams001/Sites/iqhired_projects/qwantosLMS/wp-content/plugins/learnpress/inc/admin/helpers/class-lp-plugins-helper.php on line 350
[18-Jan-2020 07:28:56 UTC] PHP Notice:  Trying to get property 'slug' of non-object in /Users/ashams001/Sites/iqhired_projects/qwantosLMS/wp-content/plugins/learnpress/inc/admin/helpers/class-lp-plugins-helper.php on line 350
[18-Jan-2020 07:28:56 UTC] PHP Notice:  Trying to get property 'slug' of non-object in /Users/ashams001/Sites/iqhired_projects/qwantosLMS/wp-content/plugins/learnpress/inc/admin/helpers/class-lp-plugins-helper.php on line 350
[18-Jan-2020 07:28:56 UTC] PHP Notice:  Trying to get property 'slug' of non-object in /Users/ashams001/Sites/iqhired_projects/qwantosLMS/wp-content/plugins/learnpress/inc/admin/helpers/class-lp-plugins-helper.php on line 350
[18-Jan-2020 07:28:56 UTC] PHP Notice:  Trying to get property 'slug' of non-object in /Users/ashams001/Sites/iqhired_projects/qwantosLMS/wp-content/plugins/learnpress/inc/admin/helpers/class-lp-plugins-helper.php on line 350
[18-Jan-2020 07:28:56 UTC] PHP Notice:  Trying to get property 'slug' of non-object in /Users/ashams001/Sites/iqhired_projects/qwantosLMS/wp-content/plugins/learnpress/inc/admin/helpers/class-lp-plugins-helper.php on line 350
[18-Jan-2020 07:28:56 UTC] PHP Notice:  Trying to get property 'slug' of non-object in /Users/ashams001/Sites/iqhired_projects/qwantosLMS/wp-content/plugins/learnpress/inc/admin/helpers/class-lp-plugins-helper.php on line 350
[18-Jan-2020 07:28:56 UTC] PHP Notice:  Trying to get property 'slug' of non-object in /Users/ashams001/Sites/iqhired_projects/qwantosLMS/wp-content/plugins/learnpress/inc/admin/helpers/class-lp-plugins-helper.php on line 350
[18-Jan-2020 07:28:56 UTC] PHP Notice:  Trying to get property 'slug' of non-object in /Users/ashams001/Sites/iqhired_projects/qwantosLMS/wp-content/plugins/learnpress/inc/admin/helpers/class-lp-plugins-helper.php on line 350
[20-Jan-2020 06:57:28 UTC] PHP Notice:  Trying to get property 'slug' of non-object in /Users/ashams001/Sites/iqhired_projects/qwantosLMS/wp-content/plugins/learnpress/inc/admin/helpers/class-lp-plugins-helper.php on line 350
[20-Jan-2020 06:57:28 UTC] PHP Notice:  Trying to get property 'slug' of non-object in /Users/ashams001/Sites/iqhired_projects/qwantosLMS/wp-content/plugins/learnpress/inc/admin/helpers/class-lp-plugins-helper.php on line 350
[20-Jan-2020 06:57:28 UTC] PHP Notice:  Trying to get property 'slug' of non-object in /Users/ashams001/Sites/iqhired_projects/qwantosLMS/wp-content/plugins/learnpress/inc/admin/helpers/class-lp-plugins-helper.php on line 350
[20-Jan-2020 06:57:28 UTC] PHP Notice:  Trying to get property 'slug' of non-object in /Users/ashams001/Sites/iqhired_projects/qwantosLMS/wp-content/plugins/learnpress/inc/admin/helpers/class-lp-plugins-helper.php on line 350
[20-Jan-2020 06:57:28 UTC] PHP Notice:  Trying to get property 'slug' of non-object in /Users/ashams001/Sites/iqhired_projects/qwantosLMS/wp-content/plugins/learnpress/inc/admin/helpers/class-lp-plugins-helper.php on line 350
[20-Jan-2020 06:57:28 UTC] PHP Notice:  Trying to get property 'slug' of non-object in /Users/ashams001/Sites/iqhired_projects/qwantosLMS/wp-content/plugins/learnpress/inc/admin/helpers/class-lp-plugins-helper.php on line 350
[20-Jan-2020 06:57:28 UTC] PHP Notice:  Trying to get property 'slug' of non-object in /Users/ashams001/Sites/iqhired_projects/qwantosLMS/wp-content/plugins/learnpress/inc/admin/helpers/class-lp-plugins-helper.php on line 350
[20-Jan-2020 06:57:28 UTC] PHP Notice:  Trying to get property 'slug' of non-object in /Users/ashams001/Sites/iqhired_projects/qwantosLMS/wp-content/plugins/learnpress/inc/admin/helpers/class-lp-plugins-helper.php on line 350
[20-Jan-2020 06:57:28 UTC] PHP Notice:  Trying to get property 'slug' of non-object in /Users/ashams001/Sites/iqhired_projects/qwantosLMS/wp-content/plugins/learnpress/inc/admin/helpers/class-lp-plugins-helper.php on line 350
[20-Jan-2020 06:57:28 UTC] PHP Notice:  Trying to get property 'slug' of non-object in /Users/ashams001/Sites/iqhired_projects/qwantosLMS/wp-content/plugins/learnpress/inc/admin/helpers/class-lp-plugins-helper.php on line 350
[20-Jan-2020 06:57:28 UTC] PHP Notice:  Trying to get property 'slug' of non-object in /Users/ashams001/Sites/iqhired_projects/qwantosLMS/wp-content/plugins/learnpress/inc/admin/helpers/class-lp-plugins-helper.php on line 350
[20-Jan-2020 06:57:28 UTC] PHP Notice:  Trying to get property 'slug' of non-object in /Users/ashams001/Sites/iqhired_projects/qwantosLMS/wp-content/plugins/learnpress/inc/admin/helpers/class-lp-plugins-helper.php on line 350
[20-Jan-2020 06:57:28 UTC] PHP Notice:  Trying to get property 'slug' of non-object in /Users/ashams001/Sites/iqhired_projects/qwantosLMS/wp-content/plugins/learnpress/inc/admin/helpers/class-lp-plugins-helper.php on line 350
[20-Jan-2020 06:57:28 UTC] PHP Notice:  Trying to get property 'slug' of non-object in /Users/ashams001/Sites/iqhired_projects/qwantosLMS/wp-content/plugins/learnpress/inc/admin/helpers/class-lp-plugins-helper.php on line 350
[20-Jan-2020 06:57:28 UTC] PHP Notice:  Trying to get property 'slug' of non-object in /Users/ashams001/Sites/iqhired_projects/qwantosLMS/wp-content/plugins/learnpress/inc/admin/helpers/class-lp-plugins-helper.php on line 350
[20-Jan-2020 06:57:28 UTC] PHP Notice:  Trying to get property 'slug' of non-object in /Users/ashams001/Sites/iqhired_projects/qwantosLMS/wp-content/plugins/learnpress/inc/admin/helpers/class-lp-plugins-helper.php on line 350
[20-Jan-2020 06:57:28 UTC] PHP Notice:  Trying to get property 'slug' of non-object in /Users/ashams001/Sites/iqhired_projects/qwantosLMS/wp-content/plugins/learnpress/inc/admin/helpers/class-lp-plugins-helper.php on line 350
[20-Jan-2020 06:57:28 UTC] PHP Notice:  Trying to get property 'slug' of non-object in /Users/ashams001/Sites/iqhired_projects/qwantosLMS/wp-content/plugins/learnpress/inc/admin/helpers/class-lp-plugins-helper.php on line 350
[20-Jan-2020 06:57:28 UTC] PHP Notice:  Trying to get property 'slug' of non-object in /Users/ashams001/Sites/iqhired_projects/qwantosLMS/wp-content/plugins/learnpress/inc/admin/helpers/class-lp-plugins-helper.php on line 350
[20-Jan-2020 06:57:28 UTC] PHP Notice:  Trying to get property 'slug' of non-object in /Users/ashams001/Sites/iqhired_projects/qwantosLMS/wp-content/plugins/learnpress/inc/admin/helpers/class-lp-plugins-helper.php on line 350
